scn strike first/app/manifest-merger-release-report.txt
-- Merging decision tree log ---
manifest
ADDED from AndroidManifest.xml:2:1
	xmlns:android
		ADDED from AndroidManifest.xml:2:11
	package
		ADDED from AndroidManifest.xml:3:5
		INJECTED from AndroidManifest.xml:0:0
		INJECTED from AndroidManifest.xml:0:0
	android:versionName
		ADDED from AndroidManifest.xml:5:5
		INJECTED from AndroidManifest.xml:0:0
		INJECTED from AndroidManifest.xml:0:0
	android:versionCode
		ADDED from AndroidManifest.xml:4:5
		INJECTED from AndroidManifest.xml:0:0
		INJECTED from AndroidManifest.xml:0:0
uses-sdk
ADDED from AndroidManifest.xml:7:5
MERGED from com.android.support:appcompat-v7:21.0.3:15:5
MERGED from com.android.support:support-v4:21.0.3:15:5
MERGED from com.android.support:support-v4:21.0.3:15:5
MERGED from scnstrikefirst-android-1103:library:unspecified:7:5
MERGED from com.android.support:support-v4:21.0.3:15:5
MERGED from scnstrikefirst-android-1103:facebookSDK:unspecified:20:5
MERGED from com.android.support:support-v4:21.0.3:15:5
MERGED from com.google.android.gms:play-services:6.5.87:18:5
MERGED from com.android.support:support-v4:21.0.3:15:5
	android:targetSdkVersion
		ADDED from AndroidManifest.xml:9:9
		INJECTED from AndroidManifest.xml:0:0
		INJECTED from AndroidManifest.xml:0:0
	android:minSdkVersion
		ADDED from AndroidManifest.xml:8:9
		INJECTED from AndroidManifest.xml:0:0
		INJECTED from AndroidManifest.xml:0:0
uses-permission#android.permission.READ_CONTACTS
ADDED from AndroidManifest.xml:11:5
	android:name
		ADDED from AndroidManifest.xml:11:22
uses-permission#android.permission.INTERNET
ADDED from AndroidManifest.xml:12:5
	android:name
		ADDED from AndroidManifest.xml:12:22
uses-permission#android.permission.ACCESS_NETWORK_STATE
ADDED from AndroidManifest.xml:13:5
	android:name
		ADDED from AndroidManifest.xml:13:22
uses-permission#android.permission.ACCESS_FINE_LOCATION
ADDED from AndroidManifest.xml:14:5
	android:name
		ADDED from AndroidManifest.xml:14:22
uses-permission#android.permission.ACCESS_COARSE_LOCATION
ADDED from AndroidManifest.xml:15:5
	android:name
		ADDED from AndroidManifest.xml:15:22
uses-permission#android.permission.READ_EXTERNAL_STORAGE
ADDED from AndroidManifest.xml:16:5
	android:name
		ADDED from AndroidManifest.xml:16:22
uses-permission#android.permission.WRITE_EXTERNAL_STORAGE
ADDED from AndroidManifest.xml:17:5
MERGED from scnstrikefirst-android-1103:facebookSDK:unspecified:24:5
	android:name
		ADDED from AndroidManifest.xml:17:22
uses-permission#android.permission.ACCESS_WIFI_STATE
ADDED from AndroidManifest.xml:18:5
	android:name
		ADDED from AndroidManifest.xml:18:22
uses-permission#com.android.vending.BILLING
ADDED from AndroidManifest.xml:19:5
	android:name
		ADDED from AndroidManifest.xml:19:22
uses-permission#android.permission.GET_TASKS
ADDED from AndroidManifest.xml:20:5
	android:name
		ADDED from AndroidManifest.xml:20:22
uses-permission#android.permission.READ_PHONE_STATE
ADDED from AndroidManifest.xml:21:5
	android:name
		ADDED from AndroidManifest.xml:21:22
uses-permission#android.permission.CHANGE_NETWORK_STATE
ADDED from AndroidManifest.xml:23:5
	android:name
		ADDED from AndroidManifest.xml:23:22
uses-permission#android.permission.CHANGE_WIFI_STATE
ADDED from AndroidManifest.xml:24:5
	android:name
		ADDED from AndroidManifest.xml:24:22
uses-permission#android.permission.GET_ACCOUNTS
ADDED from AndroidManifest.xml:32:5
	android:name
		ADDED from AndroidManifest.xml:32:22
uses-permission#android.permission.WAKE_LOCK
ADDED from AndroidManifest.xml:35:5
	android:name
		ADDED from AndroidManifest.xml:35:22
permission#com.tribaltech.android.scnstrikefirst.permission.C2D_MESSAGE
ADDED from AndroidManifest.xml:43:5
	android:protectionLevel
		ADDED from AndroidManifest.xml:45:9
	android:name
		ADDED from AndroidManifest.xml:44:9
uses-permission#com.tribaltech.android.scnstrikefirst.permission.C2D_MESSAGE
ADDED from AndroidManifest.xml:47:5
	android:name
		ADDED from AndroidManifest.xml:47:22
uses-permission#com.google.android.c2dm.permission.RECEIVE
ADDED from AndroidManifest.xml:50:5
	android:name
		ADDED from AndroidManifest.xml:50:22
application
ADDED from AndroidManifest.xml:52:5
MERGED from com.android.support:appcompat-v7:21.0.3:16:5
MERGED from com.android.support:support-v4:21.0.3:16:5
MERGED from com.android.support:support-v4:21.0.3:16:5
MERGED from com.android.support:support-v4:21.0.3:16:5
MERGED from scnstrikefirst-android-1103:facebookSDK:unspecified:26:5
MERGED from com.android.support:support-v4:21.0.3:16:5
MERGED from com.google.android.gms:play-services:6.5.87:20:5
MERGED from com.android.support:support-v4:21.0.3:16:5
	android:label
		ADDED from AndroidManifest.xml:55:9
	android:allowBackup
		ADDED from AndroidManifest.xml:53:9
	android:icon
		ADDED from AndroidManifest.xml:54:9
	android:theme
		ADDED from AndroidManifest.xml:57:9
	android:largeHeap
		ADDED from AndroidManifest.xml:56:9
meta-data#com.google.android.gms.version
ADDED from AndroidManifest.xml:60:9
MERGED from com.google.android.gms:play-services:6.5.87:21:9
	android:name
		ADDED from AndroidManifest.xml:61:13
	android:value
		ADDED from AndroidManifest.xml:62:13
receiver#com.tribaltech.android.scnstrikefirst.GcmBroadcastReceiver
ADDED from AndroidManifest.xml:64:9
	android:permission
		ADDED from AndroidManifest.xml:66:13
	android:name
		ADDED from AndroidManifest.xml:65:13
intent-filter#com.google.android.c2dm.intent.RECEIVE+com.tribaltech.android.scnstrikefirst
ADDED from AndroidManifest.xml:67:13
action#com.google.android.c2dm.intent.RECEIVE
ADDED from AndroidManifest.xml:68:17
	android:name
		ADDED from AndroidManifest.xml:68:25
category#com.tribaltech.android.scnstrikefirst
ADDED from AndroidManifest.xml:70:17
	android:name
		ADDED from AndroidManifest.xml:70:27
service#com.tribaltech.android.scnstrikefirst.GcmIntentService
ADDED from AndroidManifest.xml:74:9
	android:name
		ADDED from AndroidManifest.xml:74:18
activity#com.tribaltech.android.scnstrikefirst.GameScreen
ADDED from AndroidManifest.xml:76:9
	android:label
		ADDED from AndroidManifest.xml:78:13
	android:name
		ADDED from AndroidManifest.xml:77:13
activity#com.tribaltech.android.scnstrikefirst.LiveScoreScreen
ADDED from AndroidManifest.xml:79:9
	android:screenOrientation
		ADDED from AndroidManifest.xml:83:13
	android:label
		ADDED from AndroidManifest.xml:82:13
	android:configChanges
		ADDED from AndroidManifest.xml:81:13
	android:name
		ADDED from AndroidManifest.xml:80:13
activity#com.tribaltech.android.scnstrikefirst.GoBowling
ADDED from AndroidManifest.xml:84:9
	android:screenOrientation
		ADDED from AndroidManifest.xml:88:13
	android:label
		ADDED from AndroidManifest.xml:87:13
	android:configChanges
		ADDED from AndroidManifest.xml:86:13
	android:name
		ADDED from AndroidManifest.xml:85:13
activity#com.tribaltech.android.scnstrikefirst.ScreenMain
ADDED from AndroidManifest.xml:89:9
	android:screenOrientation
		ADDED from AndroidManifest.xml:93:13
	android:label
		ADDED from AndroidManifest.xml:92:13
	android:configChanges
		ADDED from AndroidManifest.xml:91:13
	android:name
		ADDED from AndroidManifest.xml:90:13
activity#com.tribaltech.android.scnstrikefirst.Splash
ADDED from AndroidManifest.xml:94:9
	android:screenOrientation
		ADDED from AndroidManifest.xml:98:13
	android:label
		ADDED from AndroidManifest.xml:97:13
	android:configChanges
		ADDED from AndroidManifest.xml:96:13
	android:name
		ADDED from AndroidManifest.xml:95:13
intent-filter#android.intent.action.MAIN+android.intent.category.LAUNCHER
ADDED from AndroidManifest.xml:99:13
action#android.intent.action.MAIN
ADDED from AndroidManifest.xml:100:17
	android:name
		ADDED from AndroidManifest.xml:100:25
category#android.intent.category.LAUNCHER
ADDED from AndroidManifest.xml:102:17
	android:name
		ADDED from AndroidManifest.xml:102:27
meta-data#com.crashlytics.ApiKey
ADDED from AndroidManifest.xml:106:9
	android:name
		ADDED from AndroidManifest.xml:107:13
	android:value
		ADDED from AndroidManifest.xml:108:13
meta-data#com.facebook.sdk.ApplicationId
ADDED from AndroidManifest.xml:109:9
	android:name
		ADDED from AndroidManifest.xml:110:13
	android:value
		ADDED from AndroidManifest.xml:111:13
activity#com.tribaltech.android.scnstrikefirst.LoginActivity
ADDED from AndroidManifest.xml:113:9
	android:screenOrientation
		ADDED from AndroidManifest.xml:116:13
	android:configChanges
		ADDED from AndroidManifest.xml:115:13
	android:name
		ADDED from AndroidManifest.xml:114:13
intent-filter#android.intent.action.VIEW+android.intent.category.BROWSABLE+android.intent.category.DEFAULT
ADDED from AndroidManifest.xml:117:13
action#android.intent.action.VIEW
ADDED from AndroidManifest.xml:118:17
	android:name
		ADDED from AndroidManifest.xml:118:25
category#android.intent.category.DEFAULT
ADDED from AndroidManifest.xml:120:17
	android:name
		ADDED from AndroidManifest.xml:120:27
category#android.intent.category.BROWSABLE
ADDED from AndroidManifest.xml:121:17
	android:name
		ADDED from AndroidManifest.xml:121:27
data
ADDED from AndroidManifest.xml:123:17
	android:host
		ADDED from AndroidManifest.xml:124:21
	android:scheme
		ADDED from AndroidManifest.xml:125:21
activity#com.facebook.LoginActivity
ADDED from AndroidManifest.xml:128:9
	android:screenOrientation
		ADDED from AndroidManifest.xml:132:13
	android:label
		ADDED from AndroidManifest.xml:131:13
	android:configChanges
		ADDED from AndroidManifest.xml:130:13
	android:theme
		ADDED from AndroidManifest.xml:133:13
	android:name
		ADDED from AndroidManifest.xml:129:13
activity#com.tribaltech.android.scnstrikefirst.Login
ADDED from AndroidManifest.xml:134:9
	android:screenOrientation
		ADDED from AndroidManifest.xml:138:13
	android:label
		ADDED from AndroidManifest.xml:137:13
	android:configChanges
		ADDED from AndroidManifest.xml:136:13
	android:name
		ADDED from AndroidManifest.xml:135:13
activity#com.tribaltech.android.scnstrikefirst.LiveScore
ADDED from AndroidManifest.xml:139:9
	android:screenOrientation
		ADDED from AndroidManifest.xml:143:13
	android:label
		ADDED from AndroidManifest.xml:142:13
	android:configChanges
		ADDED from AndroidManifest.xml:141:13
	android:name
		ADDED from AndroidManifest.xml:140:13
activity#com.tribaltech.android.scnstrikefirst.ForgotPassword
ADDED from AndroidManifest.xml:144:9
	android:screenOrientation
		ADDED from AndroidManifest.xml:148:13
	android:label
		ADDED from AndroidManifest.xml:147:13
	android:configChanges
		ADDED from AndroidManifest.xml:146:13
	android:name
		ADDED from AndroidManifest.xml:145:13
activity#com.tribaltech.android.scnstrikefirst.LiveScoreList
ADDED from AndroidManifest.xml:149:9
	android:screenOrientation
		ADDED from AndroidManifest.xml:153:13
	android:label
		ADDED from AndroidManifest.xml:152:13
	android:configChanges
		ADDED from AndroidManifest.xml:151:13
	android:name
		ADDED from AndroidManifest.xml:150:13
activity#com.tribaltech.android.scnstrikefirst.CoachView
ADDED from AndroidManifest.xml:154:9
	android:screenOrientation
		ADDED from AndroidManifest.xml:158:13
	android:label
		ADDED from AndroidManifest.xml:157:13
	android:configChanges
		ADDED from AndroidManifest.xml:156:13
	android:name
		ADDED from AndroidManifest.xml:155:13
activity#com.tribaltech.android.scnstrikefirst.Leaderboard
ADDED from AndroidManifest.xml:159:9
	android:screenOrientation
		ADDED from AndroidManifest.xml:163:13
	android:label
		ADDED from AndroidManifest.xml:162:13
	android:configChanges
		ADDED from AndroidManifest.xml:161:13
	android:name
		ADDED from AndroidManifest.xml:160:13
activity#com.tribaltech.android.scnstrikefirst.LeaderboardFilter
ADDED from AndroidManifest.xml:164:9
	android:screenOrientation
		ADDED from AndroidManifest.xml:168:13
	android:label
		ADDED from AndroidManifest.xml:167:13
	android:configChanges
		ADDED from AndroidManifest.xml:166:13
	android:name
		ADDED from AndroidManifest.xml:165:13
activity#com.tribaltech.android.scnstrikefirst.CenterLeaderboard
ADDED from AndroidManifest.xml:169:9
	android:screenOrientation
		ADDED from AndroidManifest.xml:173:13
	android:label
		ADDED from AndroidManifest.xml:172:13
	android:configChanges
		ADDED from AndroidManifest.xml:171:13
	android:name
		ADDED from AndroidManifest.xml:170:13
activity#com.tribaltech.android.scnstrikefirst.Notifications
ADDED from AndroidManifest.xml:174:9
	android:screenOrientation
		ADDED from AndroidManifest.xml:178:13
	android:label
		ADDED from AndroidManifest.xml:177:13
	android:configChanges
		ADDED from AndroidManifest.xml:176:13
	android:name
		ADDED from AndroidManifest.xml:175:13
activity#com.tribaltech.android.scnstrikefirst.Tags
ADDED from AndroidManifest.xml:179:9
	android:windowSoftInputMode
		ADDED from AndroidManifest.xml:183:13
	android:screenOrientation
		ADDED from AndroidManifest.xml:182:13
	android:label
		ADDED from AndroidManifest.xml:181:13
	android:name
		ADDED from AndroidManifest.xml:180:13
activity#com.tribaltech.android.scnstrikefirst.NotificationDetails
ADDED from AndroidManifest.xml:184:9
	android:screenOrientation
		ADDED from AndroidManifest.xml:188:13
	android:label
		ADDED from AndroidManifest.xml:187:13
	android:configChanges
		ADDED from AndroidManifest.xml:186:13
	android:name
		ADDED from AndroidManifest.xml:185:13
activity#com.tribaltech.android.scnstrikefirst.ChooseOpponent
ADDED from AndroidManifest.xml:189:9
	android:windowSoftInputMode
		ADDED from AndroidManifest.xml:194:13
	android:screenOrientation
		ADDED from AndroidManifest.xml:193:13
	android:label
		ADDED from AndroidManifest.xml:192:13
	android:configChanges
		ADDED from AndroidManifest.xml:191:13
	android:name
		ADDED from AndroidManifest.xml:190:13
activity#com.tribaltech.android.scnstrikefirst.Challenges
ADDED from AndroidManifest.xml:195:9
	android:screenOrientation
		ADDED from AndroidManifest.xml:199:13
	android:label
		ADDED from AndroidManifest.xml:198:13
	android:configChanges
		ADDED from AndroidManifest.xml:197:13
	android:name
		ADDED from AndroidManifest.xml:196:13
activity#com.tribaltech.android.scnstrikefirst.H2HPostedMain
ADDED from AndroidManifest.xml:200:9
	android:screenOrientation
		ADDED from AndroidManifest.xml:204:13
	android:label
		ADDED from AndroidManifest.xml:203:13
	android:configChanges
		ADDED from AndroidManifest.xml:202:13
	android:name
		ADDED from AndroidManifest.xml:201:13
activity#com.tribaltech.android.scnstrikefirst.ChallengeView
ADDED from AndroidManifest.xml:205:9
	android:screenOrientation
		ADDED from AndroidManifest.xml:209:13
	android:label
		ADDED from AndroidManifest.xml:208:13
	android:configChanges
		ADDED from AndroidManifest.xml:207:13
	android:name
		ADDED from AndroidManifest.xml:206:13
activity#com.tribaltech.android.scnstrikefirst.H2HLiveCreate
ADDED from AndroidManifest.xml:210:9
	android:screenOrientation
		ADDED from AndroidManifest.xml:214:13
	android:label
		ADDED from AndroidManifest.xml:213:13
	android:configChanges
		ADDED from AndroidManifest.xml:212:13
	android:name
		ADDED from AndroidManifest.xml:211:13
activity#com.tribaltech.android.scnstrikefirst.UserStats
ADDED from AndroidManifest.xml:215:9
	android:windowSoftInputMode
		ADDED from AndroidManifest.xml:220:13
	android:screenOrientation
		ADDED from AndroidManifest.xml:219:13
	android:label
		ADDED from AndroidManifest.xml:218:13
	android:configChanges
		ADDED from AndroidManifest.xml:217:13
	android:name
		ADDED from AndroidManifest.xml:216:13
activity#com.tribaltech.android.scnstrikefirst.UserStatsSelection
ADDED from AndroidManifest.xml:221:9
	android:screenOrientation
		ADDED from AndroidManifest.xml:225:13
	android:label
		ADDED from AndroidManifest.xml:224:13
	android:configChanges
		ADDED from AndroidManifest.xml:223:13
	android:name
		ADDED from AndroidManifest.xml:222:13
activity#com.tribaltech.android.scnstrikefirst.GraphActivity
ADDED from AndroidManifest.xml:226:9
	android:screenOrientation
		ADDED from AndroidManifest.xml:230:13
	android:label
		ADDED from AndroidManifest.xml:229:13
	android:configChanges
		ADDED from AndroidManifest.xml:228:13
	android:name
		ADDED from AndroidManifest.xml:227:13
activity#com.tribaltech.android.scnstrikefirst.ComparisonActivity
ADDED from AndroidManifest.xml:231:9
	android:screenOrientation
		ADDED from AndroidManifest.xml:235:13
	android:label
		ADDED from AndroidManifest.xml:234:13
	android:configChanges
		ADDED from AndroidManifest.xml:233:13
	android:name
		ADDED from AndroidManifest.xml:232:13
activity#com.tribaltech.android.scnstrikefirst.FilterActivity
ADDED from AndroidManifest.xml:236:9
	android:screenOrientation
		ADDED from AndroidManifest.xml:240:13
	android:label
		ADDED from AndroidManifest.xml:239:13
	android:configChanges
		ADDED from AndroidManifest.xml:238:13
	android:name
		ADDED from AndroidManifest.xml:237:13
activity#com.tribaltech.android.scnstrikefirst.UserStatsPackagePopup
ADDED from AndroidManifest.xml:241:9
	android:screenOrientation
		ADDED from AndroidManifest.xml:245:13
	android:label
		ADDED from AndroidManifest.xml:244:13
	android:configChanges
		ADDED from AndroidManifest.xml:243:13
	android:name
		ADDED from AndroidManifest.xml:242:13
activity#com.tribaltech.android.scnstrikefirst.FriendsActivity
ADDED from AndroidManifest.xml:246:9
	android:windowSoftInputMode
		ADDED from AndroidManifest.xml:251:13
	android:screenOrientation
		ADDED from AndroidManifest.xml:250:13
	android:label
		ADDED from AndroidManifest.xml:249:13
	android:configChanges
		ADDED from AndroidManifest.xml:248:13
	android:name
		ADDED from AndroidManifest.xml:247:13
activity#com.tribaltech.android.scnstrikefirst.UserProfile
ADDED from AndroidManifest.xml:252:9
	android:screenOrientation
		ADDED from AndroidManifest.xml:256:13
	android:label
		ADDED from AndroidManifest.xml:255:13
	android:configChanges
		ADDED from AndroidManifest.xml:254:13
	android:name
		ADDED from AndroidManifest.xml:253:13
activity#com.tribaltech.android.scnstrikefirst.EditProfile
ADDED from AndroidManifest.xml:257:9
	android:screenOrientation
		ADDED from AndroidManifest.xml:261:13
	android:label
		ADDED from AndroidManifest.xml:260:13
	android:configChanges
		ADDED from AndroidManifest.xml:259:13
	android:name
		ADDED from AndroidManifest.xml:258:13
activity#com.tribaltech.android.scnstrikefirst.ChangePassword
ADDED from AndroidManifest.xml:262:9
	android:screenOrientation
		ADDED from AndroidManifest.xml:266:13
	android:label
		ADDED from AndroidManifest.xml:265:13
	android:configChanges
		ADDED from AndroidManifest.xml:264:13
	android:name
		ADDED from AndroidManifest.xml:263:13
activity#com.tribaltech.android.scnstrikefirst.TellAfriendPopup
ADDED from AndroidManifest.xml:267:9
	android:screenOrientation
		ADDED from AndroidManifest.xml:271:13
	android:label
		ADDED from AndroidManifest.xml:270:13
	android:configChanges
		ADDED from AndroidManifest.xml:269:13
	android:name
		ADDED from AndroidManifest.xml:268:13
activity#com.tribaltech.android.scnstrikefirst.TellViaEmailPopup
ADDED from AndroidManifest.xml:272:9
	android:screenOrientation
		ADDED from AndroidManifest.xml:276:13
	android:label
		ADDED from AndroidManifest.xml:275:13
	android:configChanges
		ADDED from AndroidManifest.xml:274:13
	android:name
		ADDED from AndroidManifest.xml:273:13
activity#com.tribaltech.android.scnstrikefirst.EmailList
ADDED from AndroidManifest.xml:277:9
	android:screenOrientation
		ADDED from AndroidManifest.xml:281:13
	android:label
		ADDED from AndroidManifest.xml:280:13
	android:configChanges
		ADDED from AndroidManifest.xml:279:13
	android:name
		ADDED from AndroidManifest.xml:278:13
activity#com.tribaltech.android.scnstrikefirst.BuyCreditsPopup
ADDED from AndroidManifest.xml:282:9
	android:screenOrientation
		ADDED from AndroidManifest.xml:286:13
	android:label
		ADDED from AndroidManifest.xml:285:13
	android:configChanges
		ADDED from AndroidManifest.xml:284:13
	android:name
		ADDED from AndroidManifest.xml:283:13
activity#com.tribaltech.android.scnstrikefirst.webView
ADDED from AndroidManifest.xml:287:9
	android:screenOrientation
		ADDED from AndroidManifest.xml:291:13
	android:label
		ADDED from AndroidManifest.xml:290:13
	android:configChanges
		ADDED from AndroidManifest.xml:289:13
	android:name
		ADDED from AndroidManifest.xml:288:13
activity#com.tribaltech.android.scnstrikefirst.USBC
ADDED from AndroidManifest.xml:292:9
	android:screenOrientation
		ADDED from AndroidManifest.xml:296:13
	android:label
		ADDED from AndroidManifest.xml:295:13
	android:configChanges
		ADDED from AndroidManifest.xml:294:13
	android:name
		ADDED from AndroidManifest.xml:293:13
activity#com.tribaltech.android.scnstrikefirst.LeaderboardDetail
ADDED from AndroidManifest.xml:297:9
	android:label
		ADDED from AndroidManifest.xml:299:13
	android:name
		ADDED from AndroidManifest.xml:298:13
activity#com.tribaltech.android.scnstrikefirst.Wallet
ADDED from AndroidManifest.xml:300:9
	android:screenOrientation
		ADDED from AndroidManifest.xml:303:13
	android:label
		ADDED from AndroidManifest.xml:302:13
	android:name
		ADDED from AndroidManifest.xml:301:13
activity#com.tribaltech.android.scnstrikefirst.AddCenterWallet
ADDED from AndroidManifest.xml:304:9
	android:screenOrientation
		ADDED from AndroidManifest.xml:307:13
	android:label
		ADDED from AndroidManifest.xml:306:13
	android:name
		ADDED from AndroidManifest.xml:305:13
activity#com.tribaltech.android.scnstrikefirst.PointsTransact
ADDED from AndroidManifest.xml:308:9
	android:label
		ADDED from AndroidManifest.xml:310:13
	android:name
		ADDED from AndroidManifest.xml:309:13
activity#com.tribaltech.android.scnstrikefirst.ConfirmPoints
ADDED from AndroidManifest.xml:311:9
	android:label
		ADDED from AndroidManifest.xml:313:13
	android:name
		ADDED from AndroidManifest.xml:312:13
activity#com.tribaltech.android.scnstrikefirst.RedeemImage
ADDED from AndroidManifest.xml:314:9
	android:label
		ADDED from AndroidManifest.xml:316:13
	android:name
		ADDED from AndroidManifest.xml:315:13
activity#com.tribaltech.android.scnstrikefirst.WalletTransaction
ADDED from AndroidManifest.xml:317:9
	android:screenOrientation
		ADDED from AndroidManifest.xml:320:13
	android:label
		ADDED from AndroidManifest.xml:319:13
	android:name
		ADDED from AndroidManifest.xml:318:13